2019-01-03 09:57:43 [ INFO ] [ org.springframework.test.context.support.DefaultTestContextBootstrapper ] Loaded default TestExecutionListener class names from location [META-INF/spring.factories]: [org.springframework.test.context.web.ServletTestExecutionListener, org.springframework.test.context.support.DirtiesContextBeforeModesTestExecutionListener, org.springframework.test.context.support.DependencyInjectionTestExecutionListener, org.springframework.test.context.support.DirtiesContextTestExecutionListener, org.springframework.test.context.transaction.TransactionalTestExecutionListener, org.springframework.test.context.jdbc.SqlScriptsTestExecutionListener]
2019-01-03 09:57:43 [ INFO ] [ org.springframework.test.context.support.DefaultTestContextBootstrapper ] Using TestExecutionListeners: [org.springframework.test.context.web.ServletTestExecutionListener@369f73a2, org.springframework.test.context.support.DirtiesContextBeforeModesTestExecutionListener@1f28c152, org.springframework.test.context.support.DependencyInjectionTestExecutionListener@7d907bac, org.springframework.test.context.support.DirtiesContextTestExecutionListener@7791a895, org.springframework.test.context.transaction.TransactionalTestExecutionListener@3a5ed7a6, org.springframework.test.context.jdbc.SqlScriptsTestExecutionListener@6325a3ee]
2019-01-03 09:58:02 [ INFO ] [ org.springframework.test.context.support.DefaultTestContextBootstrapper ] Loaded default TestExecutionListener class names from location [META-INF/spring.factories]: [org.springframework.test.context.web.ServletTestExecutionListener, org.springframework.test.context.support.DirtiesContextBeforeModesTestExecutionListener, org.springframework.test.context.support.DependencyInjectionTestExecutionListener, org.springframework.test.context.support.DirtiesContextTestExecutionListener, org.springframework.test.context.transaction.TransactionalTestExecutionListener, org.springframework.test.context.jdbc.SqlScriptsTestExecutionListener]
2019-01-03 09:58:02 [ INFO ] [ org.springframework.test.context.support.DefaultTestContextBootstrapper ] Using TestExecutionListeners: [org.springframework.test.context.web.ServletTestExecutionListener@369f73a2, org.springframework.test.context.support.DirtiesContextBeforeModesTestExecutionListener@1f28c152, org.springframework.test.context.support.DependencyInjectionTestExecutionListener@7d907bac, org.springframework.test.context.support.DirtiesContextTestExecutionListener@7791a895, org.springframework.test.context.transaction.TransactionalTestExecutionListener@3a5ed7a6, org.springframework.test.context.jdbc.SqlScriptsTestExecutionListener@6325a3ee]
2019-01-03 09:58:39 [ INFO ] [ org.springframework.test.context.support.DefaultTestContextBootstrapper ] Loaded default TestExecutionListener class names from location [META-INF/spring.factories]: [org.springframework.test.context.web.ServletTestExecutionListener, org.springframework.test.context.support.DirtiesContextBeforeModesTestExecutionListener, org.springframework.test.context.support.DependencyInjectionTestExecutionListener, org.springframework.test.context.support.DirtiesContextTestExecutionListener, org.springframework.test.context.transaction.TransactionalTestExecutionListener, org.springframework.test.context.jdbc.SqlScriptsTestExecutionListener]
2019-01-03 09:58:39 [ INFO ] [ org.springframework.test.context.support.DefaultTestContextBootstrapper ] Using TestExecutionListeners: [org.springframework.test.context.web.ServletTestExecutionListener@369f73a2, org.springframework.test.context.support.DirtiesContextBeforeModesTestExecutionListener@1f28c152, org.springframework.test.context.support.DependencyInjectionTestExecutionListener@7d907bac, org.springframework.test.context.support.DirtiesContextTestExecutionListener@7791a895, org.springframework.test.context.transaction.TransactionalTestExecutionListener@3a5ed7a6, org.springframework.test.context.jdbc.SqlScriptsTestExecutionListener@6325a3ee]
2019-01-03 09:58:40 [ INFO ] [ org.springframework.beans.factory.xml.XmlBeanDefinitionReader ] Loading XML bean definitions from file [/Users/wangjian/IdeaProjects/templatespringmvc/target/classes/applicationContext-core.xml]
2019-01-03 09:58:40 [ INFO ] [ org.springframework.beans.factory.xml.XmlBeanDefinitionReader ] Loading XML bean definitions from file [/Users/wangjian/IdeaProjects/templatespringmvc/target/classes/applicationContext-hibernate.xml]
2019-01-03 09:58:41 [ INFO ] [ org.springframework.beans.factory.xml.XmlBeanDefinitionReader ] Loading XML bean definitions from file [/Users/wangjian/IdeaProjects/templatespringmvc/target/classes/applicationContext-resource.xml]
2019-01-03 09:58:41 [ INFO ] [ org.springframework.context.support.GenericApplicationContext ] Refreshing org.springframework.context.support.GenericApplicationContext@305fd85d: startup date [Thu Jan 03 09:58:41 CST 2019]; root of context hierarchy
2019-01-03 09:58:42 [ INFO ] [ com.alibaba.druid.pool.DruidDataSource ] {dataSource-1} inited
2019-01-03 09:58:45 [ INFO ] [ org.springframework.aop.framework.CglibAopProxy ] Final method [public final void org.springframework.orm.hibernate5.support.HibernateDaoSupport.setSessionFactory(org.hibernate.SessionFactory)] cannot get proxied via CGLIB: Calls to this method will NOT be routed to the target instance and might lead to NPEs against uninitialized fields in the proxy instance.
2019-01-03 09:58:45 [ INFO ] [ org.springframework.aop.framework.CglibAopProxy ] Final method [public final org.hibernate.SessionFactory org.springframework.orm.hibernate5.support.HibernateDaoSupport.getSessionFactory()] cannot get proxied via CGLIB: Calls to this method will NOT be routed to the target instance and might lead to NPEs against uninitialized fields in the proxy instance.
2019-01-03 09:58:45 [ INFO ] [ org.springframework.aop.framework.CglibAopProxy ] Final method [public final org.springframework.orm.hibernate5.HibernateTemplate org.springframework.orm.hibernate5.support.HibernateDaoSupport.getHibernateTemplate()] cannot get proxied via CGLIB: Calls to this method will NOT be routed to the target instance and might lead to NPEs against uninitialized fields in the proxy instance.
2019-01-03 09:58:45 [ INFO ] [ org.springframework.aop.framework.CglibAopProxy ] Final method [public final void org.springframework.orm.hibernate5.support.HibernateDaoSupport.setHibernateTemplate(org.springframework.orm.hibernate5.HibernateTemplate)] cannot get proxied via CGLIB: Calls to this method will NOT be routed to the target instance and might lead to NPEs against uninitialized fields in the proxy instance.
2019-01-03 09:58:45 [ INFO ] [ org.springframework.aop.framework.CglibAopProxy ] Final method [protected final void org.springframework.orm.hibernate5.support.HibernateDaoSupport.checkDaoConfig()] cannot get proxied via CGLIB: Calls to this method will NOT be routed to the target instance and might lead to NPEs against uninitialized fields in the proxy instance.
2019-01-03 09:58:45 [ INFO ] [ org.springframework.aop.framework.CglibAopProxy ] Final method [protected final org.hibernate.Session org.springframework.orm.hibernate5.support.HibernateDaoSupport.currentSession() throws org.springframework.dao.DataAccessResourceFailureException] cannot get proxied via CGLIB: Calls to this method will NOT be routed to the target instance and might lead to NPEs against uninitialized fields in the proxy instance.
2019-01-03 09:58:45 [ WARN ] [ org.springframework.aop.framework.CglibAopProxy ] Unable to proxy interface-implementing method [public final void org.springframework.dao.support.DaoSupport.afterPropertiesSet() throws java.lang.IllegalArgumentException,org.springframework.beans.factory.BeanInitializationException] because it is marked as final: Consider using interface-based JDK proxies instead!
2019-01-03 09:58:45 [ INFO ] [ org.springframework.aop.framework.CglibAopProxy ] Final method [public final void org.springframework.dao.support.DaoSupport.afterPropertiesSet() throws java.lang.IllegalArgumentException,org.springframework.beans.factory.BeanInitializationException] cannot get proxied via CGLIB: Calls to this method will NOT be routed to the target instance and might lead to NPEs against uninitialized fields in the proxy instance.
2019-01-03 09:58:45 [ INFO ] [ org.springframework.orm.hibernate5.HibernateTransactionManager ] Using DataSource [{
	CreateTime:"2019-01-03 09:58:41",
	ActiveCount:0,
	PoolingCount:1,
	CreateCount:1,
	DestroyCount:0,
	CloseCount:2,
	ConnectCount:2,
	Connections:[
		{ID:728746911, ConnectTime:"2019-01-03 09:58:42", UseCount:2, LastActiveTime:"2019-01-03 09:58:45"}
	]
}

[
	{
	ID:728746911, 
	poolStatements:[
		]
	}
]] of Hibernate SessionFactory for HibernateTransactionManager
2019-01-03 09:58:46 [ INFO ] [ org.springframework.context.support.GenericApplicationContext ] Closing org.springframework.context.support.GenericApplicationContext@305fd85d: startup date [Thu Jan 03 09:58:41 CST 2019]; root of context hierarchy
2019-01-03 09:58:46 [ INFO ] [ com.alibaba.druid.pool.DruidDataSource ] {dataSource-1} closed
